#######################################################################################
# log primitive debug message of FSDB dumping                                         #
# This is for R&D to analyze when there are issues happening when FSDB dump           #
#######################################################################################
ANF: vcsd_get_serial_mode_status('./simv: undefined symbol: vcsd_get_serial_mode_status')
ANF: vcsd_enable_sva_success_callback('./simv: undefined symbol: vcsd_enable_sva_success_callback')
ANF: vcsd_disable_sva_success_callback('./simv: undefined symbol: vcsd_disable_sva_success_callback')
ANF: vcsd_get_power_scope_name('./simv: undefined symbol: vcsd_get_power_scope_name')
ANF: vcsd_begin_no_value_var_info('./simv: undefined symbol: vcsd_begin_no_value_var_info')
ANF: vcsd_end_no_value_var_info('./simv: undefined symbol: vcsd_end_no_value_var_info')
ANF: vcsd_remove_xprop_merge_mode_callback('./simv: undefined symbol: vcsd_remove_xprop_merge_mode_callback')
ANF: vhpi_get_cb_info('./simv: undefined symbol: vhpi_get_cb_info')
ANF: vhpi_free_handle('./simv: undefined symbol: vhpi_free_handle')
ANF: vhpi_fetch_vcsd_handle('./simv: undefined symbol: vhpi_fetch_vcsd_handle')
ANF: vhpi_fetch_vpi_handle('./simv: undefined symbol: vhpi_fetch_vpi_handle')
ANF: vhpi_has_verilog_parent('./simv: undefined symbol: vhpi_has_verilog_parent')
ANF: vhpi_is_verilog_scope('./simv: undefined symbol: vhpi_is_verilog_scope')
ANF: scsd_xprop_is_enabled('./simv: undefined symbol: scsd_xprop_is_enabled')
ANF: scsd_xprop_sig_is_promoted('./simv: undefined symbol: scsd_xprop_sig_is_promoted')
ANF: scsd_xprop_int_xvalue('./simv: undefined symbol: scsd_xprop_int_xvalue')
ANF: scsd_xprop_bool_xvalue('./simv: undefined symbol: scsd_xprop_bool_xvalue')
ANF: scsd_xprop_enum_xvalue('./simv: undefined symbol: scsd_xprop_enum_xvalue')
ANF: scsd_xprop_register_merge_mode_cb('./simv: undefined symbol: scsd_xprop_register_merge_mode_cb')
ANF: scsd_xprop_delete_merge_mode_cb('./simv: undefined symbol: scsd_xprop_delete_merge_mode_cb')
ANF: scsd_xprop_get_merge_mode('./simv: undefined symbol: scsd_xprop_get_merge_mode')
ANF: scsd_thread_get_info('./simv: undefined symbol: scsd_thread_get_info')
ANF: scsd_thread_vc_init('./simv: undefined symbol: scsd_thread_vc_init')
ANF: scsd_master_set_delta_sync_cbk('./simv: undefined symbol: scsd_master_set_delta_sync_cbk')
ANF: scsd_fgp_get_fsdb_cores('./simv: undefined symbol: scsd_fgp_get_fsdb_cores')
ANF: msvEnableDumpingMode('./simv: undefined symbol: msvEnableDumpingMode')
ANF: msvGetVersion('./simv: undefined symbol: msvGetVersion')
ANF: msvGetInstProp('./simv: undefined symbol: msvGetInstProp')
ANF: msvIsSpiceEngineReady('./simv: undefined symbol: msvIsSpiceEngineReady')
ANF: msvSetAddProbeCallback('./simv: undefined symbol: msvSetAddProbeCallback')
ANF: msvGetInstHandle('./simv: undefined symbol: msvGetInstHandle')
ANF: msvGetProbeByInst('./simv: undefined symbol: msvGetProbeByInst')
ANF: msvGetSigHandle('./simv: undefined symbol: msvGetSigHandle')
ANF: msvGetProbeBySig('./simv: undefined symbol: msvGetProbeBySig')
ANF: msvGetProbeInfo('./simv: undefined symbol: msvGetProbeInfo')
ANF: msvRelease('./simv: undefined symbol: msvRelease')
ANF: msvSetVcCallbackFunc('./simv: undefined symbol: msvSetVcCallbackFunc')
ANF: msvCheckVcCallback('./simv: undefined symbol: msvCheckVcCallback')
ANF: msvAddVcCallback('./simv: undefined symbol: msvAddVcCallback')
ANF: msvRemoveVcCallback('./simv: undefined symbol: msvRemoveVcCallback')
ANF: msvGetLatestValue('./simv: undefined symbol: msvGetLatestValue')
ANF: msvSetEndofSimCallback('./simv: undefined symbol: msvSetEndofSimCallback')
ANF: msvIgnoredProbe('./simv: undefined symbol: msvIgnoredProbe')
ANF: msvGetThruNetInfo('./simv: undefined symbol: msvGetThruNetInfo')
ANF: msvFreeThruNetInfo('./simv: undefined symbol: msvFreeThruNetInfo')
ANF: PI_ace_get_output_time_unit('./simv: undefined symbol: PI_ace_get_output_time_unit')
ANF: PI_ace_sim_sync('./simv: undefined symbol: PI_ace_sim_sync')
ANF: msvGetRereadInitFile('./simv: undefined symbol: msvGetRereadInitFile')
ANF: msvSetBeforeRereadCallback('./simv: undefined symbol: msvSetBeforeRereadCallback')
ANF: msvSetAfterRereadCallback('./simv: undefined symbol: msvSetAfterRereadCallback')
ANF: msvSetForceCallback('./simv: undefined symbol: msvSetForceCallback')
ANF: msvSetReleaseCallback('./simv: undefined symbol: msvSetReleaseCallback')
ANF: msvGetForceStatus('./simv: undefined symbol: msvGetForceStatus')
ANF: vhdi_dt_get_type('./simv: undefined symbol: vhdi_dt_get_type')
ANF: vhdi_dt_get_key('./simv: undefined symbol: vhdi_dt_get_key')
ANF: vhdi_dt_get_vhdl_enum_info('./simv: undefined symbol: vhdi_dt_get_vhdl_enum_info')
ANF: vhdi_dt_get_vhdl_physical_info('./simv: undefined symbol: vhdi_dt_get_vhdl_physical_info')
ANF: vhdi_dt_get_vhdl_array_info('./simv: undefined symbol: vhdi_dt_get_vhdl_array_info')
ANF: vhdi_dt_get_vhdl_record_info('./simv: undefined symbol: vhdi_dt_get_vhdl_record_info')
ANF: vhdi_def_traverse_module('./simv: undefined symbol: vhdi_def_traverse_module')
ANF: vhdi_def_traverse_scope('./simv: undefined symbol: vhdi_def_traverse_scope')
ANF: vhdi_def_traverse_variable('./simv: undefined symbol: vhdi_def_traverse_variable')
ANF: vhdi_def_get_module_id_by_vhpi('./simv: undefined symbol: vhdi_def_get_module_id_by_vhpi')
ANF: vhdi_def_get_handle_by_module_id('./simv: undefined symbol: vhdi_def_get_handle_by_module_id')
ANF: vhdi_def_get_variable_info_by_vhpi('./simv: undefined symbol: vhdi_def_get_variable_info_by_vhpi')
ANF: vhdi_def_free('./simv: undefined symbol: vhdi_def_free')
ANF: vhdi_ist_traverse_scope('./simv: undefined symbol: vhdi_ist_traverse_scope')
ANF: vhdi_ist_traverse_variable('./simv: undefined symbol: vhdi_ist_traverse_variable')
ANF: vhdi_ist_convert_by_vhpi('./simv: undefined symbol: vhdi_ist_convert_by_vhpi')
ANF: vhdi_ist_clone('./simv: undefined symbol: vhdi_ist_clone')
ANF: vhdi_ist_free('./simv: undefined symbol: vhdi_ist_free')
ANF: vhdi_ist_hash_key('./simv: undefined symbol: vhdi_ist_hash_key')
ANF: vhdi_ist_compare('./simv: undefined symbol: vhdi_ist_compare')
ANF: vhdi_ist_get_value_addr('./simv: undefined symbol: vhdi_ist_get_value_addr')
ANF: vhdi_set_scsd_callback('./simv: undefined symbol: vhdi_set_scsd_callback')
ANF: vhdi_cbk_set_force_callback('./simv: undefined symbol: vhdi_cbk_set_force_callback')
ANF: vhdi_trigger_init_force('./simv: undefined symbol: vhdi_trigger_init_force')
ANF: vhdi_ist_check_scsd_callback('./simv: undefined symbol: vhdi_ist_check_scsd_callback')
ANF: vhdi_ist_add_scsd_callback('./simv: undefined symbol: vhdi_ist_add_scsd_callback')
ANF: vhdi_ist_remove_scsd_callback('./simv: undefined symbol: vhdi_ist_remove_scsd_callback')
ANF: vhdi_ist_get_scsd_user_data('./simv: undefined symbol: vhdi_ist_get_scsd_user_data')
ANF: vhdi_add_time_change_callback('./simv: undefined symbol: vhdi_add_time_change_callback')
ANF: vhdi_get_real_value_by_value_addr('./simv: undefined symbol: vhdi_get_real_value_by_value_addr')
ANF: vhdi_get_64_value_by_value_addr('./simv: undefined symbol: vhdi_get_64_value_by_value_addr')
ANF: vhdi_xprop_inst_is_promoted('./simv: undefined symbol: vhdi_xprop_inst_is_promoted')
ANF: vdi_ist_convert_by_vhdi('./simv: undefined symbol: vdi_ist_convert_by_vhdi')
ANF: vhdi_ist_get_module_id('./simv: undefined symbol: vhdi_ist_get_module_id')
ANF: vhdi_refine_foreign_scope_type('./simv: undefined symbol: vhdi_refine_foreign_scope_type')
ANF: vhdi_flush_callback('./simv: undefined symbol: vhdi_flush_callback')
ANF: vhdi_set_orig_name('./simv: undefined symbol: vhdi_set_orig_name')
ANF: vhdi_set_dump_pt('./simv: undefined symbol: vhdi_set_dump_pt')
ANF: vhdi_get_fsdb_option('./simv: undefined symbol: vhdi_get_fsdb_option')
ANF: vhdi_fgp_get_mode('./simv: undefined symbol: vhdi_fgp_get_mode')
ANF: vhdi_node_register_composite_var('./simv: undefined symbol: vhdi_node_register_composite_var')
ANF: vhdi_node_analysis('./simv: undefined symbol: vhdi_node_analysis')
ANF: vhdi_node_id('./simv: undefined symbol: vhdi_node_id')
ANF: vhdi_node_ist_check_scsd_callback('./simv: undefined symbol: vhdi_node_ist_check_scsd_callback')
ANF: vhdi_node_ist_add_scsd_callback('./simv: undefined symbol: vhdi_node_ist_add_scsd_callback')
ANF: vhdi_node_ist_get_value_addr('./simv: undefined symbol: vhdi_node_ist_get_value_addr')
VCS compile option:
 option[0]: ./simv
 option[1]: -l
 option[2]: simv.log
 option[3]: /EDA/synopsys/VCS/vcs-mx/O-2018.09-SP2/linux64/bin/vcs1
 option[4]: -Mcc=gcc
 option[5]: -Mcplusplus=g++
 option[6]: -Masflags=
 option[7]: -Mcfl= -pipe -fPIC -O -I/EDA/synopsys/VCS/vcs-mx/O-2018.09-SP2/include 
 option[8]: -Mxcflags= -pipe -fPIC -I/EDA/synopsys/VCS/vcs-mx/O-2018.09-SP2/include
 option[9]: -Mldflags= -rdynamic 
 option[10]: -Mout=simv
 option[11]: -Mamsrun=
 option[12]: -Mvcsaceobjs=
 option[13]: -Mobjects= /EDA/synopsys/VCS/vcs-mx/O-2018.09-SP2/linux64/lib/libvirsim.so /EDA/synopsys/VCS/vcs-mx/O-2018.09-SP2/linux64/lib/liberrorinf.so /EDA/synopsys/VCS/vcs-mx/O-2018.09-SP2/linux64/lib/libsnpsmalloc.so /EDA/synopsys/VCS/vcs-mx/O-2018.09-SP2/linux64/lib/libvfs.so /EDA/synopsys/VERDI/verdi/Verdi_O-2018.09-SP2/share/PLI/VCS/LINUX64/pli.a 
 option[14]: -Mexternalobj=
 option[15]: -Msaverestoreobj=/EDA/synopsys/VCS/vcs-mx/O-2018.09-SP2/linux64/lib/vcs_save_restore_new.o
 option[16]: -Mcrt0=
 option[17]: -Mcrtn=
 option[18]: -Mcsrc=
 option[19]: -Msyslibs=-ldl -lm 
 option[20]: -l
 option[21]: compile.log
 option[22]: -full64
 option[23]: +vcs+lic+wait
 option[24]: -simprofile
 option[25]: +v2k
 option[26]: -debug_access+all+bc
 option[27]: +vpi
 option[28]: +vcsd
 option[29]: +memcbk
 option[30]: +itf+/EDA/synopsys/VCS/vcs-mx/O-2018.09-SP2/linux64/lib/vcsdp.tab
 option[31]: -debug_region+cell
 option[32]: -timescale=1ns/1ns
 option[33]: -P
 option[34]: /EDA/synopsys/VERDI/verdi/Verdi_O-2018.09-SP2/share/PLI/VCS/LINUX64/novas.tab
 option[35]: -picarchive
 option[36]: -sverilog
 option[37]: -gen_obj
 option[38]: -f
 option[39]: rtl.f
 option[40]: timescale=1ns/1ns
Chronologic Simulation VCS Release O-2018.09-SP2_Full64
Linux 3.10.0-1160.31.1.el7.x86_64 #1 SMP Thu Jun 10 13:32:12 UTC 2021 x86_64
CPU cores: 8
Limit information:
======================================
cputime		unlimited
filesize		unlimited
datasize		unlimited
stacksize		8192 kbytes
coredumpsize		0 kbytes
memoryuse		unlimited
vmemoryuse		unlimited
descriptors		4096
memorylocked		64 kbytes
maxproc		4096
======================================
(Special)Runtime environment variables:

Runtime environment variables:
XMODIFIERS=@im=ibus
SHELL=/bin/bash
VTE_VERSION=5204
_=/bin/make
HISTCONTROL=ignoredups
DVE_HOME=/EDA/synopsys/VCS/vcs-mx/O-2018.09-SP2
XDG_DATA_DIRS=/home/ic/.local/share/flatpak/exports/share:/var/lib/flatpak/exports/share:/usr/local/share:/usr/share
LESSOPEN=||/usr/bin/lesspipe.sh %s
FM_HOME=/EDA/synopsys/FM/fm/O-2018.06-SP1
PATH=/usr/lib64/ccache:/usr/lib64/qt-3.3/bin:/usr/local/bin:/bin:/usr/bin:/usr/local/sbin:/usr/sbin:/usr/local/go/bin:/EDA/synopsys/VCS/vcs-mx/O-2018.09-SP2/gui/dve/bin:/EDA/synopsys/FM/fm/O-2018.06-SP1/bin:/EDA/synopsys/VCS/vcs-mx/O-2018.09-SP2/bin:/EDA/synopsys/VERDI/verdi/Verdi_O-2018.09-SP2/bin:/EDA/synopsys/DC/syn/O-2018.06-SP1/bin:/EDA/synopsys/SPYGLASS/spyglass/SPYGLASS2017.12-SP2/SPYGLASS_HOME/bin:/EDA/synopsys/PT/pts/O-2018.06-SP1/bin:/EDA/synopsys/LC/lc/O-2018.06-SP1/bin:/EDA/synopsys/SCL/scl/2018.06/linux64/bin:/home/ic/.local/bin:/home/ic/bin:/usr/local/go/bin:/EDA/synopsys/VCS/vcs-mx/O-2018.09-SP2/gui/dve/bin:/EDA/synopsys/FM/fm/O-2018.06-SP1/bin:/EDA/synopsys/VCS/vcs-mx/O-2018.09-SP2/bin:/EDA/synopsys/VERDI/verdi/Verdi_O-2018.09-SP2/bin:/EDA/synopsys/DC/syn/O-2018.06-SP1/bin:/EDA/synopsys/SPYGLASS/spyglass/SPYGLASS2017.12-SP2/SPYGLASS_HOME/bin:/EDA/synopsys/PT/pts/O-2018.06-SP1/bin:/EDA/synopsys/LC/lc/O-2018.06-SP1/bin:/EDA/synopsys/SCL/scl/2018.06/linux64/bin
LM_LICENSE_FILE=27000@localhost.localdomain
PT_HOME=/EDA/synopsys/PT/pts/O-2018.06-SP1
QT_GRAPHICSSYSTEM_CHECKED=1
SESSION_MANAGER=local/unix:@/tmp/.ICE-unix/2660,unix/unix:/tmp/.ICE-unix/2660
XDG_RUNTIME_DIR=/run/user/1000
SPY_HOME=/EDA/synopsys/SPYGLASS/spyglass/SPYGLASS2017.12-SP2
XDG_MENU_PREFIX=gnome-
LS_COLORS=rs=0:di=38;5;27:ln=38;5;51:mh=44;38;5;15:pi=40;38;5;11:so=38;5;13:do=38;5;5:bd=48;5;232;38;5;11:cd=48;5;232;38;5;3:or=48;5;232;38;5;9:mi=05;48;5;232;38;5;15:su=48;5;196;38;5;15:sg=48;5;11;38;5;16:ca=48;5;196;38;5;226:tw=48;5;10;38;5;16:ow=48;5;10;38;5;21:st=48;5;21;38;5;15:ex=38;5;34:*.tar=38;5;9:*.tgz=38;5;9:*.arc=38;5;9:*.arj=38;5;9:*.taz=38;5;9:*.lha=38;5;9:*.lz4=38;5;9:*.lzh=38;5;9:*.lzma=38;5;9:*.tlz=38;5;9:*.txz=38;5;9:*.tzo=38;5;9:*.t7z=38;5;9:*.zip=38;5;9:*.z=38;5;9:*.Z=38;5;9:*.dz=38;5;9:*.gz=38;5;9:*.lrz=38;5;9:*.lz=38;5;9:*.lzo=38;5;9:*.xz=38;5;9:*.bz2=38;5;9:*.bz=38;5;9:*.tbz=38;5;9:*.tbz2=38;5;9:*.tz=38;5;9:*.deb=38;5;9:*.rpm=38;5;9:*.jar=38;5;9:*.war=38;5;9:*.ear=38;5;9:*.sar=38;5;9:*.rar=38;5;9:*.alz=38;5;9:*.ace=38;5;9:*.zoo=38;5;9:*.cpio=38;5;9:*.7z=38;5;9:*.rz=38;5;9:*.cab=38;5;9:*.jpg=38;5;13:*.jpeg=38;5;13:*.gif=38;5;13:*.bmp=38;5;13:*.pbm=38;5;13:*.pgm=38;5;13:*.ppm=38;5;13:*.tga=38;5;13:*.xbm=38;5;13:*.xpm=38;5;13:*.tif=38;5;13:*.tiff=38;5;13:*.png=38;5;13:*.svg=38;5;13:*.svgz=38;5;13:*.mng=38;5;13:*.pcx=38;5;13:*.mov=38;5;13:*.mpg=38;5;13:*.mpeg=38;5;13:*.m2v=38;5;13:*.mkv=38;5;13:*.webm=38;5;13:*.ogm=38;5;13:*.mp4=38;5;13:*.m4v=38;5;13:*.mp4v=38;5;13:*.vob=38;5;13:*.qt=38;5;13:*.nuv=38;5;13:*.wmv=38;5;13:*.asf=38;5;13:*.rm=38;5;13:*.rmvb=38;5;13:*.flc=38;5;13:*.avi=38;5;13:*.fli=38;5;13:*.flv=38;5;13:*.gl=38;5;13:*.dl=38;5;13:*.xcf=38;5;13:*.xwd=38;5;13:*.yuv=38;5;13:*.cgm=38;5;13:*.emf=38;5;13:*.axv=38;5;13:*.anx=38;5;13:*.ogv=38;5;13:*.ogx=38;5;13:*.aac=38;5;45:*.au=38;5;45:*.flac=38;5;45:*.mid=38;5;45:*.midi=38;5;45:*.mka=38;5;45:*.mp3=38;5;45:*.mpc=38;5;45:*.ogg=38;5;45:*.ra=38;5;45:*.wav=38;5;45:*.axa=38;5;45:*.oga=38;5;45:*.spx=38;5;45:*.xspf=38;5;45:
SSH_AUTH_SOCK=/tmp/ssh-uxn2k6TOr1om/agent.2660
GOBIN=/usr/local/go/bin
DISPLAY=:1
IMSETTINGS_INTEGRATE_DESKTOP=yes
HOME=/home/ic
VCS_HOME=/EDA/synopsys/VCS/vcs-mx/O-2018.09-SP2
PWD=/home/ic/tang/ECNURVCORE/SIM/VCS_TEST
SSH_AGENT_PID=3134
VERDI_HOME=/EDA/synopsys/VERDI/verdi/Verdi_O-2018.09-SP2
DBUS_SESSION_BUS_ADDRESS=unix:abstract=/tmp/dbus-dlJSwYwWfJ,guid=1b9e6b3e80053b88df39d5cc60ea9443
LD_LIBRARY_PATH=/EDA/synopsys/VERDI/verdi/Verdi_O-2018.09-SP2/share/PLI/VCS/LINUX64
LOGNAME=ic
GNOME_DESKTOP_SESSION_ID=this-is-deprecated
HOSTNAME=localhost.localdomain
COLORTERM=truecolor
QT_IM_MODULE=ibus
VCS_ARCH_OVERRIDE=linux
SHLVL=4
GNOME_SHELL_SESSION_MODE=classic
XDG_SESSION_ID=c3
USER=ic
QTLIB=/usr/lib64/qt-3.3/lib
XDG_CURRENT_DESKTOP=GNOME
GOROOT=/usr/local/go
VNCDESKTOP=localhost.localdomain:1 (ic)
novas_args=-P OVAS/novas.tab OVAS/pli.a
IMSETTINGS_MODULE=none
NOVAS=/EDA/synopsys/VERDI/verdi/Verdi_O-2018.09-SP2/share/PLI/VCS/LINUX64
MAKEFLAGS=
MFLAGS=
MAIL=/var/spool/mail/ic
DC_HOME=/EDA/synopsys/DC/syn/O-2018.06-SP1
LC_HOME=/EDA/synopsys/LC/lc/O-2018.06-SP1
NOVAS_HOME=/EDA/synopsys/VERDI/verdi/Verdi_O-2018.09-SP2
DBUS_STARTER_BUS_TYPE=session
SCL_HOME=/EDA/synopsys/SCL/scl/2018.06
GNOME_TERMINAL_SCREEN=/org/gnome/Terminal/screen/afd60d9f_dee9_42c7_93f8_87a1530180de
GNOME_TERMINAL_SERVICE=:1.86
HISTSIZE=1000
QTINC=/usr/lib64/qt-3.3/include
QTDIR=/usr/lib64/qt-3.3
LANG=zh_CN.UTF-8
TERM=xterm-256color
DBUS_STARTER_ADDRESS=unix:abstract=/tmp/dbus-dlJSwYwWfJ,guid=1b9e6b3e80053b88df39d5cc60ea9443
MAKELEVEL=1
VCS_HEAP_EXEC=true
VCS_PATHMAP_PRELOAD_DONE=1
VCS_STACK_EXEC=true
VCS_EXEC_DONE=1
LC_ALL=C
SNPS_SIMPROFILE_INTERNAL_CONF_ARGS=skipInternalSVAPackage:1,diagOn:0,trackAllAPsinSample:0,debugProfrptInXterm:0,keepOldHsimView:0,useHsimConstrForAll:0,plotSnapshot:0,plotSimTime:0,noCheckVersion:0,enableSnapshot:0,plotScriptDir:,diagMem:0,diagMemInterval:0.01,diagMemShortPrints:3,loadSmdDiagFiles:0,noMergeHeapAct:0,totalBCSize:0,noCollectHsimMem:0,noCollectAddrMap:0,noStackTrace:0,addFuncNameInSlot:0,rawView:0,exitAtMemCnt:0,diagSignalProfile:0,pidSimv:10125
SNPS_SIMPROFILE_INTERNAL_CONF_ADDR=10125:0x2aaab3588000
DVE=/EDA/synopsys/VCS/vcs-mx/O-2018.09-SP2/gui/dve
SPECMAN_OUTPUT_TO_TTY=1
Runtime command line arguments:
argv[0]=./simv
argv[1]=-l
argv[2]=simv.log
240 profile - 100
          CPU/Mem usage: 0.040 sys,  0.280 user,  256.45M mem
241 Wed Jul 14 15:46:44 2021
242 pliAppInit
243 FSDB_GATE is set.
244 FSDB_RTL is set.
245 Enable Parallel Dumping.
246 pliAppMiscSet: New Sim Round
247 pliEntryInit
248 LIBSSCORE=found /EDA/synopsys/VERDI/verdi/Verdi_O-2018.09-SP2/share/PLI/lib/LINUXAMD64/libsscore_vcs201809.so through $NOVAS_HOME setting.
249 FSDB Dumper for VCS, Release Verdi_O-2018.09-SP2, Linux x86_64/64bit, 02/21/2019
250 (C) 1996 - 2019 by Synopsys, Inc.
251 sps_call_fsdbDumpfile_main at 0 : ./tb.v(11)
252 argv[0]: (wave.fsdb)
253 *Verdi* : Create FSDB file 'wave.fsdb'
254 compile option from '/home/ic/tang/ECNURVCORE/SIM/VCS_TEST/simv.daidir/vcs_rebuild'.
255   "vcs '-full64' '+vcs+lic+wait' '-simprofile' '-sverilog' '+v2k' '-debug_all' '-timescale=1ns/1ns' '-P' '/EDA/synopsys/VERDI/verdi/Verdi_O-2018.09-SP2/share/PLI/VCS/LINUX64/novas.tab' '/EDA/synopsys/VERDI/verdi/Verdi_O-2018.09-SP2/share/PLI/VCS/LINUX64/pli.a' '-l' 'compile.log' '-f' 'rtl.f' 2>&1"
256 FSDB_VCS_ENABLE_FAST_VC is enable
257 sps_call_fsdbDumpvars_vd_main at 0 : ./tb.v(12)
258 argv[0]: (0)
259 [spi_vcs_vd_ppi_create_root]: no upf option
260 FSDB dumper cannot dump UPF related power signal ($power_tree): no ppiPowerNetwork.
261 *Verdi* : Begin traversing the scopes, layer (0).
262 *Verdi* : End of traversing.
263 pliAppHDL_DumpVarComplete traverse var: profile - 
          CPU/Mem usage: 0.050 sys,  0.280 user,  351.43M mem
                   incr: 0.000 sys,  0.000 user,  7.57M mem
                   accu: 0.000 sys,  0.000 user,  7.57M mem
              accu incr: 0.000 sys,  0.000 user,  7.57M mem

          Count usage: 7 var,  6 idcode,  3 callback
                 incr: 7 var,  6 idcode,  3 callback
                 accu: 7 var,  6 idcode,  3 callback
            accu incr: 7 var,  6 idcode,  3 callback
264 Wed Jul 14 15:46:44 2021
265 pliAppHDL_DumpVarComplete: profile - 
          CPU/Mem usage: 0.050 sys,  0.280 user,  352.49M mem
                   incr: 0.000 sys,  0.000 user,  1.05M mem
                   accu: 0.000 sys,  0.000 user,  8.62M mem
              accu incr: 0.000 sys,  0.000 user,  1.05M mem

          Count usage: 7 var,  6 idcode,  3 callback
                 incr: 0 var,  0 idcode,  0 callback
                 accu: 7 var,  6 idcode,  3 callback
            accu incr: 0 var,  0 idcode,  0 callback
266 Wed Jul 14 15:46:44 2021
267 sps_call_fsdbDumpon_vd_main at 0 : ./tb.v(13)
268 *Verdi* : fsdbDumpon - All FSDB files at 0 ps.
269 End of simulation at 500020000
270 Wed Jul 14 15:46:44 2021
271 Begin FSDB profile info:
272 FSDB Writer : bc1(506) bcn(252) mtf/stf(0/0)
FSDB Writer elapsed time : flush(0.131559) io wait(0.000000) theadpool wait(0.000000) target functin(0.000000)
FSDB Writer cpu time : MT Compression : 0
273 End FSDB profile info
274 Parallel profile    -  Flush:4 Expand:0 ProduceWait:0 ConsumerWait:0 BlockUsed:0
275                        ProduceTime:0.351844766 ConsumerTime:0.000000000 Buffer:64MB
276 SimExit
277 Sim process exit
